#
# A fatal error has been detected by the Java Runtime Environment:
#
#  SIGSEGV (0xb) at pc=0x0000000125dec12f, pid=22563, tid=25603
#
# JRE version: Java(TM) SE Runtime Environment (8.0_20-b26) (build 1.8.0_20-b26)
# Java VM: Java HotSpot(TM) 64-Bit Server VM (25.20-b23 mixed mode bsd-amd64 compressed oops)
# Problematic frame:
# C  [librxtxSerial.jnilib+0x312f]  Java_gnu_io_RXTXPort_interruptEventLoop+0x6b
#
# Failed to write core dump. Core dumps have been disabled. To enable core dumping, try "ulimit -c unlimited" before starting Java again
#
# If you would like to submit a bug report, please visit:
#   http://bugreport.sun.com/bugreport/crash.jsp
# The crash happened outside the Java Virtual Machine in native code.
# See problematic frame for where to report the bug.
#

---------------  T H R E A D  ---------------

Current thread (0x00007fcedb80d000):  JavaThread "Thread-1" [_thread_in_native, id=25603, stack(0x0000000125fa4000,0x00000001260a4000)]

siginfo: si_signo: 11 (SIGSEGV), si_code: 1 (SEGV_MAPERR), si_addr: 0x0000000125ef7868

Registers:
RAX=0x0000000000000000, RBX=0x0000000125ef7700, RCX=0x00007fff909eba3a, RDX=0xffffffffffffffff
RSP=0x00000001260a36e0, RBP=0x00000001260a36f0, RSI=0x0000000000000000, RDI=0x000000000000003c
R8 =0x0000000000000000, R9 =0x0000000002faf080, R10=0x0000000000000001, R11=0x0000000000000247
R12=0x0000000000000012, R13=0x0000000122eedce0, R14=0x00000001260a3770, R15=0x00007fcedb80d000
RIP=0x0000000125dec12f, EFLAGS=0x0000000000010202, ERR=0x0000000000000004
  TRAPNO=0x000000000000000e

Top of Stack: (sp=0x00000001260a36e0)
0x00000001260a36e0:   0000000122eedce0 0000000000000000
0x00000001260a36f0:   00000001260a3750 0000000109977694
0x00000001260a3700:   00000001099832a3 00000001099773e2
0x00000001260a3710:   00000001260a3710 0000000122eedce0
0x00000001260a3720:   00000001260a3770 0000000122ef9738
0x00000001260a3730:   0000000000000000 0000000122eedce0
0x00000001260a3740:   0000000000000000 00000001260a3770
0x00000001260a3750:   00000001260a37b8 000000010996998d
0x00000001260a3760:   0000000000000000 00000001099712b8
0x00000001260a3770:   000000076aefdd98 00000001260a3778
0x00000001260a3780:   0000000122eee187 00000001260a37d0
0x00000001260a3790:   0000000122ef9738 0000000000000000
0x00000001260a37a0:   0000000122eee1f0 00000001260a3770
0x00000001260a37b0:   00000001260a37d0 00000001260a3818
0x00000001260a37c0:   000000010996998d 0000000000000000
0x00000001260a37d0:   000000076aefdd98 00000001260a37d8
0x00000001260a37e0:   0000000122ee21e2 00000001260a3830
0x00000001260a37f0:   0000000122ee3028 0000000000000000
0x00000001260a3800:   0000000122ee2230 00000001260a37d0
0x00000001260a3810:   00000001260a3830 00000001260a3878
0x00000001260a3820:   000000010996998d 0000000000000000
0x00000001260a3830:   000000076ac04ca8 00000001260a3838
0x00000001260a3840:   0000000122efe243 00000001260a3890
0x00000001260a3850:   0000000122efe5d0 0000000000000000
0x00000001260a3860:   0000000122efe288 00000001260a3830
0x00000001260a3870:   00000001260a3890 00000001260a38d8
0x00000001260a3880:   000000010996998d 0000000000000000
0x00000001260a3890:   000000076af0d3b8 00000001260a3898
0x00000001260a38a0:   0000000122efe47f 00000001260a3910
0x00000001260a38b0:   0000000122efe5d0 0000000000000000
0x00000001260a38c0:   0000000122efe510 00000001260a3890
0x00000001260a38d0:   00000001260a3910 00000001260a3958 

Instructions: (pc=0x0000000125dec12f)
0x0000000125dec10f:   00 01 00 00 00 48 8b bb 78 01 00 00 be 06 00 00
0x0000000125dec11f:   00 e8 4d 27 00 00 bf 50 c3 00 00 e8 c7 27 00 00
0x0000000125dec12f:   83 bb 68 01 00 00 01 74 16 48 8b bb 78 01 00 00
0x0000000125dec13f:   e8 16 27 00 00 c7 83 68 01 00 00 01 00 00 00 5b 

Register to memory mapping:

RAX=0x0000000000000000 is an unknown value
RBX=0x0000000125ef7700 is an unknown value
RCX=0x00007fff909eba3a: __semwait_signal+0xa in /usr/lib/system/libsystem_kernel.dylib at 0x00007fff909d6000
RDX=0xffffffffffffffff is an unknown value
RSP=0x00000001260a36e0 is pointing into the stack for thread: 0x00007fcedb80d000
RBP=0x00000001260a36f0 is pointing into the stack for thread: 0x00007fcedb80d000
RSI=0x0000000000000000 is an unknown value
RDI=0x000000000000003c is an unknown value
R8 =0x0000000000000000 is an unknown value
R9 =0x0000000002faf080 is an unknown value
R10=0x0000000000000001 is an unknown value
R11=0x0000000000000247 is an unknown value
R12=0x0000000000000012 is an unknown value
R13={method} {0x0000000122eedce0} 'interruptEventLoop' '()V' in 'gnu/io/RXTXPort'
R14=0x00000001260a3770 is pointing into the stack for thread: 0x00007fcedb80d000
R15=0x00007fcedb80d000 is a thread


Stack: [0x0000000125fa4000,0x00000001260a4000],  sp=0x00000001260a36e0,  free space=1021k
Native frames: (J=compiled Java code, j=interpreted, Vv=VM code, C=native code)
C  [librxtxSerial.jnilib+0x312f]  Java_gnu_io_RXTXPort_interruptEventLoop+0x6b
j  gnu.io.RXTXPort.interruptEventLoop()V+0
j  gnu.io.RXTXPort.removeEventListener()V+55
j  instinct.Instinct.stop()V+18
j  instinct.Prompt.stop()V+19
j  instinct.Prompt.run()V+343
j  java.lang.Thread.run()V+11
v  ~StubRoutines::call_stub
V  [libjvm.dylib+0x2d429e]  JavaCalls::call_helper(JavaValue*, methodHandle*, JavaCallArguments*, Thread*)+0x6ae
V  [libjvm.dylib+0x2d4a2c]  JavaCalls::call_virtual(JavaValue*, KlassHandle, Symbol*, Symbol*, JavaCallArguments*, Thread*)+0x164
V  [libjvm.dylib+0x2d4bd8]  JavaCalls::call_virtual(JavaValue*, Handle, KlassHandle, Symbol*, Symbol*, Thread*)+0x4a
V  [libjvm.dylib+0x32562b]  thread_entry(JavaThread*, Thread*)+0x7c
V  [libjvm.dylib+0x535a51]  JavaThread::thread_main_inner()+0x9b
V  [libjvm.dylib+0x537194]  JavaThread::run()+0x1c2
V  [libjvm.dylib+0x45d35a]  java_start(Thread*)+0xf6
C  [libsystem_pthread.dylib+0x1899]  _pthread_body+0x8a
C  [libsystem_pthread.dylib+0x172a]  _pthread_struct_init+0x0
C  [libsystem_pthread.dylib+0x5fc9]  thread_start+0xd
C  0x0000000000000000

Java frames: (J=compiled Java code, j=interpreted, Vv=VM code)
j  gnu.io.RXTXPort.interruptEventLoop()V+0
j  gnu.io.RXTXPort.removeEventListener()V+55
j  instinct.Instinct.stop()V+18
j  instinct.Prompt.stop()V+19
j  instinct.Prompt.run()V+343
j  java.lang.Thread.run()V+11
v  ~StubRoutines::call_stub

---------------  P R O C E S S  ---------------

Java Threads: ( => current thread )
=>0x00007fcedb80d000 JavaThread "Thread-1" [_thread_in_native, id=25603, stack(0x0000000125fa4000,0x00000001260a4000)]
  0x00007fcedc02d800 JavaThread "Service Thread" daemon [_thread_blocked, id=22275, stack(0x0000000125b94000,0x0000000125c94000)]
  0x00007fcedc828800 JavaThread "C1 CompilerThread3" daemon [_thread_blocked, id=21763, stack(0x0000000125a91000,0x0000000125b91000)]
  0x00007fcedc81b000 JavaThread "C2 CompilerThread2" daemon [_thread_blocked, id=21251, stack(0x000000012598e000,0x0000000125a8e000)]
  0x00007fcedc81a000 JavaThread "C2 CompilerThread1" daemon [_thread_blocked, id=20739, stack(0x000000012588b000,0x000000012598b000)]
  0x00007fcedb805000 JavaThread "C2 CompilerThread0" daemon [_thread_blocked, id=20227, stack(0x0000000125788000,0x0000000125888000)]
  0x00007fcedc827000 JavaThread "Signal Dispatcher" daemon [_thread_blocked, id=19715, stack(0x0000000125685000,0x0000000125785000)]
  0x00007fcedc002000 JavaThread "Finalizer" daemon [_thread_blocked, id=14595, stack(0x0000000125434000,0x0000000125534000)]
  0x00007fcedb80b000 JavaThread "Reference Handler" daemon [_thread_blocked, id=14083, stack(0x0000000125331000,0x0000000125431000)]
  0x00007fcedb00a000 JavaThread "main" [_thread_in_Java, id=6403, stack(0x00000001078f0000,0x00000001079f0000)]

Other Threads:
  0x00007fcedb068800 VMThread [stack: 0x000000012522e000,0x000000012532e000] [id=13571]
  0x00007fcedc02e000 WatcherThread [stack: 0x0000000125c97000,0x0000000125d97000] [id=22787]

VM state:not at safepoint (normal execution)

VM Mutex/Monitor currently owned by a thread: None

Heap:
 PSYoungGen      total 76288K, used 7864K [0x000000076ab00000, 0x0000000770000000, 0x00000007c0000000)
  eden space 65536K, 12% used [0x000000076ab00000,0x000000076b2ae260,0x000000076eb00000)
  from space 10752K, 0% used [0x000000076f580000,0x000000076f580000,0x0000000770000000)
  to   space 10752K, 0% used [0x000000076eb00000,0x000000076eb00000,0x000000076f580000)
 ParOldGen       total 175104K, used 0K [0x00000006c0000000, 0x00000006cab00000, 0x000000076ab00000)
  object space 175104K, 0% used [0x00000006c0000000,0x00000006c0000000,0x00000006cab00000)
 Metaspace       used 3734K, capacity 4780K, committed 4864K, reserved 1056768K
  class space    used 419K, capacity 468K, committed 512K, reserved 1048576K

Card table byte_map: [0x0000000118d22000,0x0000000119523000] byte_map_base: 0x0000000115722000

Marking Bits: (ParMarkBitMap*) 0x000000010929c330
 Begin Bits: [0x000000011a291000, 0x000000011e291000)
 End Bits:   [0x000000011e291000, 0x0000000122291000)

Polling page: 0x000000010994f000

CodeCache: size=245760Kb used=1303Kb max_used=1304Kb free=244456Kb
 bounds [0x0000000109962000, 0x0000000109bd2000, 0x0000000118962000]
 total_blobs=364 nmethods=119 adapters=160
 compilation: enabled

Compilation events (10 events):
Event: 1.599 Thread 0x00007fcedb805000 nmethod 111 0x0000000109aa7a50 code [0x0000000109aa7ba0, 0x0000000109aa7fc8]
Event: 1.599 Thread 0x00007fcedc81b000 nmethod 113 0x0000000109aa8110 code [0x0000000109aa8260, 0x0000000109aa8408]
Event: 1.601 Thread 0x00007fcedc828800  116       3       java.lang.String::indexOf (166 bytes)
Event: 1.601 Thread 0x00007fcedc828800 nmethod 116 0x0000000109aa5e90 code [0x0000000109aa6040, 0x0000000109aa6690]
Event: 1.601 Thread 0x00007fcedc828800  117       1       java.nio.Buffer::limit (5 bytes)
Event: 1.602 Thread 0x00007fcedc828800 nmethod 117 0x0000000109aa5bd0 code [0x0000000109aa5d20, 0x0000000109aa5e30]
Event: 2.732 Thread 0x00007fcedc828800  118       3       java.nio.Buffer::position (43 bytes)
Event: 2.732 Thread 0x00007fcedc828800 nmethod 118 0x0000000109aa5710 code [0x0000000109aa5880, 0x0000000109aa5b28]
Event: 4.699 Thread 0x00007fcedc828800  119       3       java.nio.ByteBuffer::arrayOffset (35 bytes)
Event: 4.699 Thread 0x00007fcedc828800 nmethod 119 0x0000000109aa5190 code [0x0000000109aa5320, 0x0000000109aa55f8]

GC Heap History (0 events):
No events

Deoptimization events (0 events):
No events

Internal exceptions (10 events):
Event: 0.076 Thread 0x00007fcedb00a000 Exception <a 'java/security/PrivilegedActionException'> (0x000000076aef5b40) thrown at [/HUDSON3/workspace/8-2-build-macosx-x86_64/jdk8u20/1074/hotspot/src/share/vm/prims/jvm.cpp, line 1275]
Event: 0.076 Thread 0x00007fcedb00a000 Exception <a 'java/security/PrivilegedActionException'> (0x000000076aef9f28) thrown at [/HUDSON3/workspace/8-2-build-macosx-x86_64/jdk8u20/1074/hotspot/src/share/vm/prims/jvm.cpp, line 1275]
Event: 1.579 Thread 0x00007fcedb00a000 Exception <a 'java/security/PrivilegedActionException'> (0x000000076aeff798) thrown at [/HUDSON3/workspace/8-2-build-macosx-x86_64/jdk8u20/1074/hotspot/src/share/vm/prims/jvm.cpp, line 1275]
Event: 1.587 Thread 0x00007fcedb00a000 Exception <a 'java/security/PrivilegedActionException'> (0x000000076af09f80) thrown at [/HUDSON3/workspace/8-2-build-macosx-x86_64/jdk8u20/1074/hotspot/src/share/vm/prims/jvm.cpp, line 1275]
Event: 1.594 Thread 0x00007fcedb00a000 Exception <a 'java/security/PrivilegedActionException'> (0x000000076af33908) thrown at [/HUDSON3/workspace/8-2-build-macosx-x86_64/jdk8u20/1074/hotspot/src/share/vm/prims/jvm.cpp, line 1275]
Event: 1.594 Thread 0x00007fcedb00a000 Exception <a 'java/security/PrivilegedActionException'> (0x000000076af33c50) thrown at [/HUDSON3/workspace/8-2-build-macosx-x86_64/jdk8u20/1074/hotspot/src/share/vm/prims/jvm.cpp, line 1275]
Event: 1.594 Thread 0x00007fcedb00a000 Exception <a 'java/security/PrivilegedActionException'> (0x000000076af36fd0) thrown at [/HUDSON3/workspace/8-2-build-macosx-x86_64/jdk8u20/1074/hotspot/src/share/vm/prims/jvm.cpp, line 1275]
Event: 1.594 Thread 0x00007fcedb00a000 Exception <a 'java/security/PrivilegedActionException'> (0x000000076af37318) thrown at [/HUDSON3/workspace/8-2-build-macosx-x86_64/jdk8u20/1074/hotspot/src/share/vm/prims/jvm.cpp, line 1275]
Event: 1.600 Thread 0x00007fcedb00a000 Exception <a 'java/security/PrivilegedActionException'> (0x000000076af677f0) thrown at [/HUDSON3/workspace/8-2-build-macosx-x86_64/jdk8u20/1074/hotspot/src/share/vm/prims/jvm.cpp, line 1275]
Event: 1.660 Thread 0x00007fcede800000 Exception <a 'java/security/PrivilegedActionException'> (0x000000076b0201c8) thrown at [/HUDSON3/workspace/8-2-build-macosx-x86_64/jdk8u20/1074/hotspot/src/share/vm/prims/jvm.cpp, line 1275]

Events (10 events):
Event: 1.601 loading class java/util/regex/Pattern$BranchConn done
Event: 1.601 loading class java/util/regex/Pattern$Branch
Event: 1.601 loading class java/util/regex/Pattern$Branch done
Event: 1.601 loading class java/util/regex/Pattern$Dollar
Event: 1.601 loading class java/util/regex/Pattern$Dollar done
Event: 1.660 loading class instinct/utils/Codes
Event: 1.660 loading class instinct/utils/Codes done
Event: 4.068 Executing VM operation: EnableBiasedLocking
Event: 4.068 Executing VM operation: EnableBiasedLocking done
Event: 7.050 Thread 0x00007fcede800000 Thread exited: 0x00007fcede800000


Dynamic libraries:
0x00000000049e0000 	/System/Library/Frameworks/Cocoa.framework/Versions/A/Cocoa
0x00000000049e0000 	/System/Library/Frameworks/Security.framework/Versions/A/Security
0x00000000049e0000 	/System/Library/Frameworks/ApplicationServices.framework/Versions/A/ApplicationServices
0x00000000049e0000 	/usr/lib/libz.1.dylib
0x00000000049e0000 	/usr/lib/libSystem.B.dylib
0x00000000049e0000 	/usr/lib/libobjc.A.dylib
0x00000000049e0000 	/System/Library/Frameworks/CoreFoundation.framework/Versions/A/CoreFoundation
0x00000000049e0000 	/System/Library/Frameworks/Foundation.framework/Versions/C/Foundation
0x00000000049e0000 	/System/Library/Frameworks/AppKit.framework/Versions/C/AppKit
0x00000000049e0000 	/System/Library/Frameworks/CoreData.framework/Versions/A/CoreData
0x00000000049e0000 	/System/Library/PrivateFrameworks/RemoteViewServices.framework/Versions/A/RemoteViewServices
0x00000000049e0000 	/System/Library/Frameworks/AudioToolbox.framework/Versions/A/AudioToolbox
0x00000000049e0000 	/System/Library/Frameworks/AudioUnit.framework/Versions/A/AudioUnit
0x00000000049e0000 	/System/Library/PrivateFrameworks/DataDetectorsCore.framework/Versions/A/DataDetectorsCore
0x00000000049e0000 	/System/Library/PrivateFrameworks/DesktopServicesPriv.framework/Versions/A/DesktopServicesPriv
0x00000000049e0000 	/System/Library/Frameworks/Carbon.framework/Versions/A/Frameworks/HIToolbox.framework/Versions/A/HIToolbox
0x00000000049e0000 	/System/Library/Frameworks/QuartzCore.framework/Versions/A/QuartzCore
0x00000000049e0000 	/System/Library/Frameworks/Carbon.framework/Versions/A/Frameworks/SpeechRecognition.framework/Versions/A/SpeechRecognition
0x00000000049e0000 	/usr/lib/libauto.dylib
0x00000000049e0000 	/usr/lib/libicucore.A.dylib
0x00000000049e0000 	/usr/lib/libxml2.2.dylib
0x00000000049e0000 	/System/Library/PrivateFrameworks/CoreUI.framework/Versions/A/CoreUI
0x00000000049e0000 	/System/Library/Frameworks/CoreAudio.framework/Versions/A/CoreAudio
0x00000000049e0000 	/System/Library/Frameworks/DiskArbitration.framework/Versions/A/DiskArbitration
0x00000000049e0000 	/usr/lib/liblangid.dylib
0x00000000049e0000 	/System/Library/PrivateFrameworks/MultitouchSupport.framework/Versions/A/MultitouchSupport
0x00000000049e0000 	/System/Library/Frameworks/IOKit.framework/Versions/A/IOKit
0x00000000049e0000 	/usr/lib/libDiagnosticMessagesClient.dylib
0x00000000049e0000 	/System/Library/Frameworks/CoreServices.framework/Versions/A/CoreServices
0x00000000049e0000 	/System/Library/PrivateFrameworks/PerformanceAnalysis.framework/Versions/A/PerformanceAnalysis
0x00000000049e0000 	/System/Library/PrivateFrameworks/GenerationalStorage.framework/Versions/A/GenerationalStorage
0x00000000049e0000 	/System/Library/Frameworks/OpenGL.framework/Versions/A/OpenGL
0x00000000049e0000 	/System/Library/PrivateFrameworks/Sharing.framework/Versions/A/Sharing
0x00000000049e0000 	/System/Library/Frameworks/ImageIO.framework/Versions/A/ImageIO
0x00000000049e0000 	/System/Library/Frameworks/CoreText.framework/Versions/A/CoreText
0x00000000049e0000 	/System/Library/Frameworks/CoreGraphics.framework/Versions/A/CoreGraphics
0x00000000049e0000 	/System/Library/PrivateFrameworks/Backup.framework/Versions/A/Backup
0x00000000049e0000 	/System/Library/Frameworks/CFNetwork.framework/Versions/A/CFNetwork
0x00000000049e0000 	/System/Library/Frameworks/SystemConfiguration.framework/Versions/A/SystemConfiguration
0x00000000049e0000 	/usr/lib/libCRFSuite.dylib
0x00000000049e0000 	/usr/lib/libc++.1.dylib
0x00000000049e0000 	/usr/lib/libc++abi.dylib
0x00000000049e0000 	/usr/lib/system/libcache.dylib
0x00000000049e0000 	/usr/lib/system/libcommonCrypto.dylib
0x00000000049e0000 	/usr/lib/system/libcompiler_rt.dylib
0x00000000049e0000 	/usr/lib/system/libcopyfile.dylib
0x00000000049e0000 	/usr/lib/system/libcorecrypto.dylib
0x00000000049e0000 	/usr/lib/system/libdispatch.dylib
0x00000000049e0000 	/usr/lib/system/libdyld.dylib
0x00000000049e0000 	/usr/lib/system/libkeymgr.dylib
0x00000000049e0000 	/usr/lib/system/liblaunch.dylib
0x00000000049e0000 	/usr/lib/system/libmacho.dylib
0x00000000049e0000 	/usr/lib/system/libquarantine.dylib
0x00000000049e0000 	/usr/lib/system/libremovefile.dylib
0x00000000049e0000 	/usr/lib/system/libsystem_asl.dylib
0x00000000049e0000 	/usr/lib/system/libsystem_blocks.dylib
0x00000000049e0000 	/usr/lib/system/libsystem_c.dylib
0x00000000049e0000 	/usr/lib/system/libsystem_configuration.dylib
0x00000000049e0000 	/usr/lib/system/libsystem_dnssd.dylib
0x00000000049e0000 	/usr/lib/system/libsystem_info.dylib
0x00000000049e0000 	/usr/lib/system/libsystem_kernel.dylib
0x00000000049e0000 	/usr/lib/system/libsystem_m.dylib
0x00000000049e0000 	/usr/lib/system/libsystem_malloc.dylib
0x00000000049e0000 	/usr/lib/system/libsystem_network.dylib
0x00000000049e0000 	/usr/lib/system/libsystem_notify.dylib
0x00000000049e0000 	/usr/lib/system/libsystem_platform.dylib
0x00000000049e0000 	/usr/lib/system/libsystem_pthread.dylib
0x00000000049e0000 	/usr/lib/system/libsystem_sandbox.dylib
0x00000000049e0000 	/usr/lib/system/libsystem_stats.dylib
0x00000000049e0000 	/usr/lib/system/libunc.dylib
0x00000000049e0000 	/usr/lib/system/libunwind.dylib
0x00000000049e0000 	/usr/lib/system/libxpc.dylib
0x00000000049e0000 	/usr/lib/libbsm.0.dylib
0x00000000049e0000 	/usr/lib/libsqlite3.dylib
0x00000000049e0000 	/usr/lib/libxar.1.dylib
0x00000000049e0000 	/usr/lib/libpam.2.dylib
0x00000000049e0000 	/usr/lib/libOpenScriptingUtil.dylib
0x00000000049e0000 	/usr/lib/libbz2.1.0.dylib
0x00000000049e0000 	/System/Library/Frameworks/CoreServices.framework/Versions/A/Frameworks/CarbonCore.framework/Versions/A/CarbonCore
0x00000000049e0000 	/System/Library/Frameworks/CoreServices.framework/Versions/A/Frameworks/Metadata.framework/Versions/A/Metadata
0x00000000049e0000 	/System/Library/Frameworks/CoreServices.framework/Versions/A/Frameworks/OSServices.framework/Versions/A/OSServices
0x00000000049e0000 	/System/Library/Frameworks/CoreServices.framework/Versions/A/Frameworks/SearchKit.framework/Versions/A/SearchKit
0x00000000049e0000 	/System/Library/Frameworks/CoreServices.framework/Versions/A/Frameworks/AE.framework/Versions/A/AE
0x00000000049e0000 	/System/Library/Frameworks/CoreServices.framework/Versions/A/Frameworks/LaunchServices.framework/Versions/A/LaunchServices
0x00000000049e0000 	/System/Library/Frameworks/CoreServices.framework/Versions/A/Frameworks/DictionaryServices.framework/Versions/A/DictionaryServices
0x00000000049e0000 	/System/Library/Frameworks/NetFS.framework/Versions/A/NetFS
0x00000000049e0000 	/usr/lib/system/libkxld.dylib
0x00000000049e0000 	/System/Library/PrivateFrameworks/NetAuth.framework/Versions/A/NetAuth
0x00000000049e0000 	/System/Library/PrivateFrameworks/TCC.framework/Versions/A/TCC
0x00000000049e0000 	/System/Library/Frameworks/OpenDirectory.framework/Versions/A/Frameworks/CFOpenDirectory.framework/Versions/A/CFOpenDirectory
0x00000000049e0000 	/System/Library/Frameworks/ServiceManagement.framework/Versions/A/ServiceManagement
0x00000000049e0000 	/usr/lib/libxslt.1.dylib
0x00000000049e0000 	/System/Library/Frameworks/Carbon.framework/Versions/A/Frameworks/Ink.framework/Versions/A/Ink
0x00000000049e0000 	/System/Library/Frameworks/ApplicationServices.framework/Versions/A/Frameworks/ATS.framework/Versions/A/ATS
0x00000000049e0000 	/System/Library/Frameworks/ApplicationServices.framework/Versions/A/Frameworks/ColorSync.framework/Versions/A/ColorSync
0x00000000049e0000 	/System/Library/Frameworks/ApplicationServices.framework/Versions/A/Frameworks/HIServices.framework/Versions/A/HIServices
0x00000000049e0000 	/System/Library/Frameworks/ApplicationServices.framework/Versions/A/Frameworks/LangAnalysis.framework/Versions/A/LangAnalysis
0x00000000049e0000 	/System/Library/Frameworks/ApplicationServices.framework/Versions/A/Frameworks/PrintCore.framework/Versions/A/PrintCore
0x00000000049e0000 	/System/Library/Frameworks/ApplicationServices.framework/Versions/A/Frameworks/QD.framework/Versions/A/QD
0x00000000049e0000 	/System/Library/Frameworks/ApplicationServices.framework/Versions/A/Frameworks/SpeechSynthesis.framework/Versions/A/SpeechSynthesis
0x00000000049e0000 	/System/Library/Frameworks/IOSurface.framework/Versions/A/IOSurface
0x00000000049e0000 	/System/Library/Frameworks/Accelerate.framework/Versions/A/Accelerate
0x00000000049e0000 	/System/Library/Frameworks/Accelerate.framework/Versions/A/Frameworks/vImage.framework/Versions/A/vImage
0x00000000049e0000 	/System/Library/Frameworks/Accelerate.framework/Versions/A/Frameworks/vecLib.framework/Versions/A/vecLib
0x00000000049e0000 	/System/Library/Frameworks/Accelerate.framework/Versions/A/Frameworks/vecLib.framework/Versions/A/libvDSP.dylib
0x00000000049e0000 	/System/Library/Frameworks/Accelerate.framework/Versions/A/Frameworks/vecLib.framework/Versions/A/libvMisc.dylib
0x00000000049e0000 	/System/Library/Frameworks/Accelerate.framework/Versions/A/Frameworks/vecLib.framework/Versions/A/libLAPACK.dylib
0x00000000049e0000 	/System/Library/Frameworks/Accelerate.framework/Versions/A/Frameworks/vecLib.framework/Versions/A/libBLAS.dylib
0x00000000049e0000 	/System/Library/Frameworks/ApplicationServices.framework/Versions/A/Frameworks/ATS.framework/Versions/A/Resources/libFontParser.dylib
0x00000000049e0000 	/System/Library/Frameworks/ApplicationServices.framework/Versions/A/Frameworks/ATS.framework/Versions/A/Resources/libFontRegistry.dylib
0x00000000049e0000 	/System/Library/Frameworks/ImageIO.framework/Versions/A/Resources/libJPEG.dylib
0x00000000049e0000 	/System/Library/Frameworks/ImageIO.framework/Versions/A/Resources/libTIFF.dylib
0x00000000049e0000 	/System/Library/Frameworks/ImageIO.framework/Versions/A/Resources/libPng.dylib
0x00000000049e0000 	/System/Library/Frameworks/ImageIO.framework/Versions/A/Resources/libGIF.dylib
0x00000000049e0000 	/System/Library/Frameworks/ImageIO.framework/Versions/A/Resources/libJP2.dylib
0x00000000049e0000 	/System/Library/Frameworks/ImageIO.framework/Versions/A/Resources/libRadiance.dylib
0x00000000049e0000 	/usr/lib/libcups.2.dylib
0x00000000049e0000 	/System/Library/Frameworks/Kerberos.framework/Versions/A/Kerberos
0x00000000049e0000 	/System/Library/Frameworks/GSS.framework/Versions/A/GSS
0x00000000049e0000 	/usr/lib/libresolv.9.dylib
0x00000000049e0000 	/usr/lib/libiconv.2.dylib
0x00000000049e0000 	/System/Library/PrivateFrameworks/Heimdal.framework/Versions/A/Heimdal
0x00000000049e0000 	/System/Library/PrivateFrameworks/TrustEvaluationAgent.framework/Versions/A/TrustEvaluationAgent
0x00000000049e0000 	/usr/lib/libheimdal-asn1.dylib
0x00000000049e0000 	/System/Library/Frameworks/OpenDirectory.framework/Versions/A/OpenDirectory
0x00000000049e0000 	/System/Library/PrivateFrameworks/CommonAuth.framework/Versions/A/CommonAuth
0x00000000049e0000 	/System/Library/Frameworks/SecurityFoundation.framework/Versions/A/SecurityFoundation
0x00000000049e0000 	/System/Library/PrivateFrameworks/Bom.framework/Versions/A/Bom
0x00000000049e0000 	/System/Library/Frameworks/CoreVideo.framework/Versions/A/CoreVideo
0x00000000049e0000 	/System/Library/Frameworks/QuartzCore.framework/Versions/A/Frameworks/CoreImage.framework/Versions/A/CoreImage
0x00000000049e0000 	/System/Library/Frameworks/QuartzCore.framework/Versions/A/Frameworks/ScalableUserInterface.framework/Versions/A/ScalableUserInterface
0x00000000049e0000 	/System/Library/Frameworks/OpenGL.framework/Versions/A/Libraries/libGLU.dylib
0x00000000049e0000 	/System/Library/Frameworks/OpenGL.framework/Versions/A/Libraries/libGFXShared.dylib
0x00000000049e0000 	/System/Library/Frameworks/OpenGL.framework/Versions/A/Libraries/libGL.dylib
0x00000000049e0000 	/System/Library/Frameworks/OpenGL.framework/Versions/A/Libraries/libGLImage.dylib
0x00000000049e0000 	/System/Library/Frameworks/OpenGL.framework/Versions/A/Libraries/libCVMSPluginSupport.dylib
0x00000000049e0000 	/System/Library/Frameworks/OpenGL.framework/Versions/A/Libraries/libCoreVMClient.dylib
0x00000000049e0000 	/System/Library/PrivateFrameworks/FaceCore.framework/Versions/A/FaceCore
0x00000000049e0000 	/System/Library/PrivateFrameworks/CrashReporterSupport.framework/Versions/A/CrashReporterSupport
0x00000000049e0000 	/System/Library/Frameworks/OpenCL.framework/Versions/A/OpenCL
0x00000000049e0000 	/System/Library/PrivateFrameworks/AppleFSCompression.framework/Versions/A/AppleFSCompression
0x00000000049e0000 	/System/Library/PrivateFrameworks/Ubiquity.framework/Versions/A/Ubiquity
0x00000000049e0000 	/System/Library/PrivateFrameworks/IconServices.framework/Versions/A/IconServices
0x00000000049e0000 	/System/Library/PrivateFrameworks/ChunkingLibrary.framework/Versions/A/ChunkingLibrary
0x00000000049e0000 	/System/Library/PrivateFrameworks/CoreSymbolication.framework/Versions/A/CoreSymbolication
0x00000000049e0000 	/System/Library/PrivateFrameworks/Symbolication.framework/Versions/A/Symbolication
0x00000000049e0000 	/System/Library/PrivateFrameworks/DebugSymbols.framework/Versions/A/DebugSymbols
0x0000000108a00000 	/Library/Java/JavaVirtualMachines/jdk1.8.0_20.jdk/Contents/Home/jre/lib/server/libjvm.dylib
0x00000000049e0000 	/usr/lib/libstdc++.6.dylib
0x00000001079f2000 	/Library/Java/JavaVirtualMachines/jdk1.8.0_20.jdk/Contents/Home/jre/lib/libverify.dylib
0x000000010991b000 	/Library/Java/JavaVirtualMachines/jdk1.8.0_20.jdk/Contents/Home/jre/lib/libjava.dylib
0x0000000109959000 	/Library/Java/JavaVirtualMachines/jdk1.8.0_20.jdk/Contents/Home/jre/lib/libzip.dylib
0x0000000125536000 	/System/Library/Frameworks/JavaVM.framework/Frameworks/JavaRuntimeSupport.framework/JavaRuntimeSupport
0x000000012554e000 	/System/Library/Frameworks/JavaVM.framework/Versions/A/Frameworks/JavaNativeFoundation.framework/Versions/A/JavaNativeFoundation
0x0000000125563000 	/System/Library/Frameworks/JavaVM.framework/Versions/A/JavaVM
0x00000000049e0000 	/System/Library/Frameworks/Carbon.framework/Versions/A/Carbon
0x0000000125570000 	/System/Library/PrivateFrameworks/JavaLaunching.framework/Versions/A/JavaLaunching
0x00000000049e0000 	/System/Library/Frameworks/Carbon.framework/Versions/A/Frameworks/CommonPanels.framework/Versions/A/CommonPanels
0x00000000049e0000 	/System/Library/Frameworks/Carbon.framework/Versions/A/Frameworks/Help.framework/Versions/A/Help
0x00000000049e0000 	/System/Library/Frameworks/Carbon.framework/Versions/A/Frameworks/ImageCapture.framework/Versions/A/ImageCapture
0x00000000049e0000 	/System/Library/Frameworks/Carbon.framework/Versions/A/Frameworks/OpenScripting.framework/Versions/A/OpenScripting
0x00000000049e0000 	/System/Library/Frameworks/Carbon.framework/Versions/A/Frameworks/Print.framework/Versions/A/Print
0x00000000049e0000 	/System/Library/Frameworks/Carbon.framework/Versions/A/Frameworks/SecurityHI.framework/Versions/A/SecurityHI
0x0000000125de9000 	/Users/Iosis/Google Drive/HEIG-VD/IHM/Instinct/libs/librxtxSerial.jnilib

VM Arguments:
jvm_args: -Dfile.encoding=UTF-8 -Djava.library.path=/Users/Iosis/Google Drive/HEIG-VD/IHM/Instinct/libs 
java_command: instinct.Instinct
java_class_path (initial): /Users/Iosis/Google Drive/HEIG-VD/IHM/Instinct/libs/RXTXcomm.jar:/Users/Iosis/Google Drive/HEIG-VD/IHM/Instinct/libs/phidget21.jar:/Users/Iosis/Google Drive/HEIG-VD/IHM/Instinct/build/classes
Launcher Type: SUN_STANDARD

Environment Variables:
PATH=/usr/bin:/bin:/usr/sbin:/sbin
LD_LIBRARY_PATH=/Library/Java/JavaVirtualMachines/jdk1.8.0_20.jdk/Contents/Home/jre/lib/amd64:/Library/Java/JavaVirtualMachines/jdk1.8.0_20.jdk/Contents/Home/jre/lib/i386:
SHELL=/bin/bash
DISPLAY=/tmp/launch-w8E2bD/org.macosforge.xquartz:0
DYLD_LIBRARY_PATH=/Applications/NetBeans/NetBeans 8.0.1.app/Contents/Resources/NetBeans/webcommon/bin:

Signal Handlers:
SIGSEGV: [libjvm.dylib+0x578fd7], sa_mask[0]=11111111011111110111111111111111, sa_flags=SA_ONSTACK|SA_RESTART|SA_SIGINFO
SIGBUS: [libjvm.dylib+0x578fd7], sa_mask[0]=11111111011111110111111111111111, sa_flags=SA_RESTART|SA_SIGINFO
SIGFPE: [libjvm.dylib+0x45ab0c], sa_mask[0]=11111111011111110111111111111111, sa_flags=SA_RESTART|SA_SIGINFO
SIGPIPE: [libjvm.dylib+0x45ab0c], sa_mask[0]=11111111011111110111111111111111, sa_flags=SA_RESTART|SA_SIGINFO
SIGXFSZ: [libjvm.dylib+0x45ab0c], sa_mask[0]=11111111011111110111111111111111, sa_flags=SA_RESTART|SA_SIGINFO
SIGILL: [libjvm.dylib+0x45ab0c], sa_mask[0]=11111111011111110111111111111111, sa_flags=SA_RESTART|SA_SIGINFO
SIGUSR1: SIG_DFL, sa_mask[0]=00000000000000000000000000000000, sa_flags=SA_RESTART
SIGUSR2: [libjvm.dylib+0x45a62a], sa_mask[0]=00100000000000000000000000000000, sa_flags=SA_RESTART|SA_SIGINFO
SIGHUP: [libjvm.dylib+0x458bfd], sa_mask[0]=11111111011111110111111111111111, sa_flags=SA_RESTART|SA_SIGINFO
SIGINT: SIG_IGN, sa_mask[0]=00000000000000000000000000000000, sa_flags=none
SIGTERM: [libjvm.dylib+0x458bfd], sa_mask[0]=11111111011111110111111111111111, sa_flags=SA_RESTART|SA_SIGINFO
SIGQUIT: [libjvm.dylib+0x458bfd], sa_mask[0]=11111111011111110111111111111111, sa_flags=SA_RESTART|SA_SIGINFO


---------------  S Y S T E M  ---------------

OS:Bsduname:Darwin 13.4.0 Darwin Kernel Version 13.4.0: Sun Aug 17 19:50:11 PDT 2014; root:xnu-2422.115.4~1/RELEASE_X86_64 x86_64
rlimit: STACK 8192k, CORE 0k, NPROC 709, NOFILE 10240, AS infinity
load average:2.11 2.25 2.27

CPU:total 8 (4 cores per cpu, 2 threads per core) family 6 model 70 stepping 1, cmov, cx8, fxsr, mmx, sse, sse2, sse3, ssse3, sse4.1, sse4.2, popcnt, avx, avx2, aes, clmul, erms, rtm, lzcnt, ht, tsc, tscinvbit, bmi1, bmi2

Memory: 4k page, physical 16777216k(308496k free)

/proc/meminfo:


vm_info: Java HotSpot(TM) 64-Bit Server VM (25.20-b23) for bsd-amd64 JRE (1.8.0_20-b26), built on Jul 30 2014 13:37:47 by "java_re" with gcc 4.2.1 (Based on Apple Inc. build 5658) (LLVM build 2336.9.00)

time: Mon Jan 12 09:29:16 2015
elapsed time: 7 seconds (0d 0h 0m 7s)

